#
# There is insufficient memory for the Java Runtime Environment to continue.
# Native memory allocation (mmap) failed to map 716177408 bytes for committing reserved memory.
# Possible reasons:
#   The system is out of physical RAM or swap space
#   In 32 bit mode, the process size limit was hit
# Possible solutions:
#   Reduce memory load on the system
#   Increase physical memory or swap space
#   Check if swap backing store is full
#   Use 64 bit Java on a 64 bit OS
#   Decrease Java heap size (-Xmx/-Xms)
#   Decrease number of Java threads
#   Decrease Java thread stack sizes (-Xss)
#   Set larger code cache with -XX:ReservedCodeCacheSize=
# This output file may be truncated or incomplete.
#
#  Out of Memory Error (os_linux.cpp:2627), pid=4808, tid=140076827891456
#
# JRE version:  (8.0_91-b14) (build )
# Java VM: Java HotSpot(TM) 64-Bit Server VM (25.91-b14 mixed mode linux-amd64 compressed oops)
# Failed to write core dump. Core dumps have been disabled. To enable core dumping, try "ulimit -c unlimited" before starting Java again
#

---------------  T H R E A D  ---------------

Current thread (0x00007f6624009800):  JavaThread "Unknown thread" [_thread_in_vm, id=4809, stack(0x00007f662d815000,0x00007f662d916000)]

Stack: [0x00007f662d815000,0x00007f662d916000],  sp=0x00007f662d9143b0,  free space=1020k
Native frames: (J=compiled Java code, j=interpreted, Vv=VM code, C=native code)
V  [libjvm.so+0xabc18a]  VMError::report_and_die()+0x2ba
V  [libjvm.so+0x4fafeb]  report_vm_out_of_memory(char const*, int, unsigned long, VMErrorType, char const*)+0x8b
V  [libjvm.so+0x91cbb3]  os::Linux::commit_memory_impl(char*, unsigned long, bool)+0x103
V  [libjvm.so+0x91d109]  os::pd_commit_memory(char*, unsigned long, unsigned long, bool)+0x29
V  [libjvm.so+0x91740a]  os::commit_memory(char*, unsigned long, unsigned long, bool)+0x2a
V  [libjvm.so+0x98b033]  PSVirtualSpace::expand_by(unsigned long)+0x53
V  [libjvm.so+0x97b177]  PSOldGen::initialize(ReservedSpace, unsigned long, char const*, int)+0xb7
V  [libjvm.so+0x2d827a]  AdjoiningGenerations::AdjoiningGenerations(ReservedSpace, GenerationSizer*, unsigned long)+0x39a
V  [libjvm.so+0x93ff76]  ParallelScavengeHeap::initialize()+0x1d6
V  [libjvm.so+0xa849bb]  Universe::initialize_heap()+0xfb
V  [libjvm.so+0xa84d2e]  universe_init()+0x3e
V  [libjvm.so+0x63a575]  init_globals()+0x65
V  [libjvm.so+0xa68f3e]  Threads::create_vm(JavaVMInitArgs*, bool*)+0x23e
V  [libjvm.so+0x6cede4]  JNI_CreateJavaVM+0x74
C  [libjli.so+0x745e]  JavaMain+0x9e
C  [libpthread.so.0+0x76fa]  start_thread+0xca


---------------  P R O C E S S  ---------------

Java Threads: ( => current thread )

Other Threads:

=>0x00007f6624009800 (exited) JavaThread "Unknown thread" [_thread_in_vm, id=4809, stack(0x00007f662d815000,0x00007f662d916000)]

VM state:not at safepoint (not fully initialized)

VM Mutex/Monitor currently owned by a thread: None

GC Heap History (0 events):
No events

Deoptimization events (0 events):
No events

Internal exceptions (0 events):
No events

Events (0 events):
No events


Dynamic libraries:
00400000-00401000 r-xp 00000000 08:05 4199178                            /usr/lib/jvm/java-8-oracle/jre/bin/java
00600000-00601000 rw-p 00000000 08:05 4199178                            /usr/lib/jvm/java-8-oracle/jre/bin/java
01a34000-01a55000 rw-p 00000000 00:00 0                                  [heap]
eab00000-100000000 rw-p 00000000 00:00 0 
7f661c000000-7f661c270000 rwxp 00000000 00:00 0 
7f661c270000-7f6624000000 ---p 00000000 00:00 0 
7f6624000000-7f6624034000 rw-p 00000000 00:00 0 
7f6624034000-7f6628000000 ---p 00000000 00:00 0 
7f662a301000-7f662a586000 rw-p 00000000 00:00 0 
7f662a586000-7f662a6db000 ---p 00000000 00:00 0 
7f662a6db000-7f662a791000 rw-p 00000000 00:00 0 
7f662a791000-7f662a987000 ---p 00000000 00:00 0 
7f662a987000-7f662a9a1000 r-xp 00000000 08:05 4600730                    /usr/lib/jvm/java-8-oracle/jre/lib/amd64/libzip.so
7f662a9a1000-7f662aba1000 ---p 0001a000 08:05 4600730                    /usr/lib/jvm/java-8-oracle/jre/lib/amd64/libzip.so
7f662aba1000-7f662aba2000 rw-p 0001a000 08:05 4600730                    /usr/lib/jvm/java-8-oracle/jre/lib/amd64/libzip.so
7f662aba2000-7f662abad000 r-xp 00000000 08:05 6558265                    /lib/x86_64-linux-gnu/libnss_files-2.23.so
7f662abad000-7f662adac000 ---p 0000b000 08:05 6558265                    /lib/x86_64-linux-gnu/libnss_files-2.23.so
7f662adac000-7f662adad000 r--p 0000a000 08:05 6558265                    /lib/x86_64-linux-gnu/libnss_files-2.23.so
7f662adad000-7f662adae000 rw-p 0000b000 08:05 6558265                    /lib/x86_64-linux-gnu/libnss_files-2.23.so
7f662adae000-7f662adb4000 rw-p 00000000 00:00 0 
7f662adb4000-7f662adbf000 r-xp 00000000 08:05 6558275                    /lib/x86_64-linux-gnu/libnss_nis-2.23.so
7f662adbf000-7f662afbe000 ---p 0000b000 08:05 6558275                    /lib/x86_64-linux-gnu/libnss_nis-2.23.so
7f662afbe000-7f662afbf000 r--p 0000a000 08:05 6558275                    /lib/x86_64-linux-gnu/libnss_nis-2.23.so
7f662afbf000-7f662afc0000 rw-p 0000b000 08:05 6558275                    /lib/x86_64-linux-gnu/libnss_nis-2.23.so
7f662afc0000-7f662afd6000 r-xp 00000000 08:05 6558259                    /lib/x86_64-linux-gnu/libnsl-2.23.so
7f662afd6000-7f662b1d5000 ---p 00016000 08:05 6558259                    /lib/x86_64-linux-gnu/libnsl-2.23.so
7f662b1d5000-7f662b1d6000 r--p 00015000 08:05 6558259                    /lib/x86_64-linux-gnu/libnsl-2.23.so
7f662b1d6000-7f662b1d7000 rw-p 00016000 08:05 6558259                    /lib/x86_64-linux-gnu/libnsl-2.23.so
7f662b1d7000-7f662b1d9000 rw-p 00000000 00:00 0 
7f662b1d9000-7f662b1e1000 r-xp 00000000 08:05 6558261                    /lib/x86_64-linux-gnu/libnss_compat-2.23.so
7f662b1e1000-7f662b3e0000 ---p 00008000 08:05 6558261                    /lib/x86_64-linux-gnu/libnss_compat-2.23.so
7f662b3e0000-7f662b3e1000 r--p 00007000 08:05 6558261                    /lib/x86_64-linux-gnu/libnss_compat-2.23.so
7f662b3e1000-7f662b3e2000 rw-p 00008000 08:05 6558261                    /lib/x86_64-linux-gnu/libnss_compat-2.23.so
7f662b3e2000-7f662b40c000 r-xp 00000000 08:05 4600725                    /usr/lib/jvm/java-8-oracle/jre/lib/amd64/libjava.so
7f662b40c000-7f662b60c000 ---p 0002a000 08:05 4600725                    /usr/lib/jvm/java-8-oracle/jre/lib/amd64/libjava.so
7f662b60c000-7f662b60e000 rw-p 0002a000 08:05 4600725                    /usr/lib/jvm/java-8-oracle/jre/lib/amd64/libjava.so
7f662b60e000-7f662b61b000 r-xp 00000000 08:05 4600729                    /usr/lib/jvm/java-8-oracle/jre/lib/amd64/libverify.so
7f662b61b000-7f662b81b000 ---p 0000d000 08:05 4600729                    /usr/lib/jvm/java-8-oracle/jre/lib/amd64/libverify.so
7f662b81b000-7f662b81d000 rw-p 0000d000 08:05 4600729                    /usr/lib/jvm/java-8-oracle/jre/lib/amd64/libverify.so
7f662b81d000-7f662b824000 r-xp 00000000 08:05 6558320                    /lib/x86_64-linux-gnu/librt-2.23.so
7f662b824000-7f662ba23000 ---p 00007000 08:05 6558320                    /lib/x86_64-linux-gnu/librt-2.23.so
7f662ba23000-7f662ba24000 r--p 00006000 08:05 6558320                    /lib/x86_64-linux-gnu/librt-2.23.so
7f662ba24000-7f662ba25000 rw-p 00007000 08:05 6558320                    /lib/x86_64-linux-gnu/librt-2.23.so
7f662ba25000-7f662bb2d000 r-xp 00000000 08:05 6558236                    /lib/x86_64-linux-gnu/libm-2.23.so
7f662bb2d000-7f662bd2c000 ---p 00108000 08:05 6558236                    /lib/x86_64-linux-gnu/libm-2.23.so
7f662bd2c000-7f662bd2d000 r--p 00107000 08:05 6558236                    /lib/x86_64-linux-gnu/libm-2.23.so
7f662bd2d000-7f662bd2e000 rw-p 00108000 08:05 6558236                    /lib/x86_64-linux-gnu/libm-2.23.so
7f662bd2e000-7f662c9ee000 r-xp 00000000 08:05 4600708                    /usr/lib/jvm/java-8-oracle/jre/lib/amd64/server/libjvm.so
7f662c9ee000-7f662cbee000 ---p 00cc0000 08:05 4600708                    /usr/lib/jvm/java-8-oracle/jre/lib/amd64/server/libjvm.so
7f662cbee000-7f662ccc6000 rw-p 00cc0000 08:05 4600708                    /usr/lib/jvm/java-8-oracle/jre/lib/amd64/server/libjvm.so
7f662ccc6000-7f662cd11000 rw-p 00000000 00:00 0 
7f662cd11000-7f662ced1000 r-xp 00000000 08:05 6558166                    /lib/x86_64-linux-gnu/libc-2.23.so
7f662ced1000-7f662d0d0000 ---p 001c0000 08:05 6558166                    /lib/x86_64-linux-gnu/libc-2.23.so
7f662d0d0000-7f662d0d4000 r--p 001bf000 08:05 6558166                    /lib/x86_64-linux-gnu/libc-2.23.so
7f662d0d4000-7f662d0d6000 rw-p 001c3000 08:05 6558166                    /lib/x86_64-linux-gnu/libc-2.23.so
7f662d0d6000-7f662d0da000 rw-p 00000000 00:00 0 
7f662d0da000-7f662d0dd000 r-xp 00000000 08:05 6558190                    /lib/x86_64-linux-gnu/libdl-2.23.so
7f662d0dd000-7f662d2dc000 ---p 00003000 08:05 6558190                    /lib/x86_64-linux-gnu/libdl-2.23.so
7f662d2dc000-7f662d2dd000 r--p 00002000 08:05 6558190                    /lib/x86_64-linux-gnu/libdl-2.23.so
7f662d2dd000-7f662d2de000 rw-p 00003000 08:05 6558190                    /lib/x86_64-linux-gnu/libdl-2.23.so
7f662d2de000-7f662d2f3000 r-xp 00000000 08:05 4600703                    /usr/lib/jvm/java-8-oracle/jre/lib/amd64/jli/libjli.so
7f662d2f3000-7f662d4f3000 ---p 00015000 08:05 4600703                    /usr/lib/jvm/java-8-oracle/jre/lib/amd64/jli/libjli.so
7f662d4f3000-7f662d4f4000 rw-p 00015000 08:05 4600703                    /usr/lib/jvm/java-8-oracle/jre/lib/amd64/jli/libjli.so
7f662d4f4000-7f662d50c000 r-xp 00000000 08:05 6558312                    /lib/x86_64-linux-gnu/libpthread-2.23.so
7f662d50c000-7f662d70b000 ---p 00018000 08:05 6558312                    /lib/x86_64-linux-gnu/libpthread-2.23.so
7f662d70b000-7f662d70c000 r--p 00017000 08:05 6558312                    /lib/x86_64-linux-gnu/libpthread-2.23.so
7f662d70c000-7f662d70d000 rw-p 00018000 08:05 6558312                    /lib/x86_64-linux-gnu/libpthread-2.23.so
7f662d70d000-7f662d711000 rw-p 00000000 00:00 0 
7f662d711000-7f662d737000 r-xp 00000000 08:05 6558138                    /lib/x86_64-linux-gnu/ld-2.23.so
7f662d815000-7f662d818000 ---p 00000000 00:00 0 
7f662d818000-7f662d91a000 rw-p 00000000 00:00 0 
7f662d92a000-7f662d932000 rw-s 00000000 08:05 7866993                    /tmp/hsperfdata_aneesha/4808
7f662d932000-7f662d933000 rw-p 00000000 00:00 0 
7f662d933000-7f662d934000 r--p 00000000 00:00 0 
7f662d934000-7f662d936000 rw-p 00000000 00:00 0 
7f662d936000-7f662d937000 r--p 00025000 08:05 6558138                    /lib/x86_64-linux-gnu/ld-2.23.so
7f662d937000-7f662d938000 rw-p 00026000 08:05 6558138                    /lib/x86_64-linux-gnu/ld-2.23.so
7f662d938000-7f662d939000 rw-p 00000000 00:00 0 
7ffcb5893000-7ffcb58b4000 rw-p 00000000 00:00 0                          [stack]
7ffcb58d5000-7ffcb58d7000 r--p 00000000 00:00 0                          [vvar]
7ffcb58d7000-7ffcb58d9000 r-xp 00000000 00:00 0                          [vdso]
ffffffffff600000-ffffffffff601000 r-xp 00000000 00:00 0                  [vsyscall]

VM Arguments:
jvm_args: -Xms1024m -Xmx1024m -XX:ReservedCodeCacheSize=128m -XX:MaxMetaspaceSize=256m 
java_command: /usr/share/sbt-launcher-packaging/bin/sbt-launch.jar
java_class_path (initial): /usr/share/sbt-launcher-packaging/bin/sbt-launch.jar
Launcher Type: SUN_STANDARD

Environment Variables:
JAVA_HOME=/usr/lib/jvm/java-8-oracle
PATH=/home/aneesha/Softwares/activator-1.3.10-minimal/bin:/usr/local/sbin:/usr/local/bin:/usr/sbin:/usr/bin:/sbin:/bin:/usr/games:/usr/local/games:/snap/bin:/usr/lib/jvm/java-8-oracle/bin:/usr/lib/jvm/java-8-oracle/db/bin:/usr/lib/jvm/java-8-oracle/jre/bin
SHELL=/bin/bash
DISPLAY=:0

Signal Handlers:
SIGSEGV: [libjvm.so+0xabca10], sa_mask[0]=11111111011111111101111111111110, sa_flags=SA_RESTART|SA_SIGINFO
SIGBUS: [libjvm.so+0xabca10], sa_mask[0]=11111111011111111101111111111110, sa_flags=SA_RESTART|SA_SIGINFO
SIGFPE: [libjvm.so+0x919a20], sa_mask[0]=11111111011111111101111111111110, sa_flags=SA_RESTART|SA_SIGINFO
SIGPIPE: [libjvm.so+0x919a20], sa_mask[0]=11111111011111111101111111111110, sa_flags=SA_RESTART|SA_SIGINFO
SIGXFSZ: [libjvm.so+0x919a20], sa_mask[0]=11111111011111111101111111111110, sa_flags=SA_RESTART|SA_SIGINFO
SIGILL: [libjvm.so+0x919a20], sa_mask[0]=11111111011111111101111111111110, sa_flags=SA_RESTART|SA_SIGINFO
SIGUSR1: SIG_DFL, sa_mask[0]=00000000000000000000000000000000, sa_flags=none
SIGUSR2: [libjvm.so+0x91b050], sa_mask[0]=00000000000000000000000000000000, sa_flags=SA_RESTART|SA_SIGINFO
SIGHUP: SIG_DFL, sa_mask[0]=00000000000000000000000000000000, sa_flags=none
SIGINT: SIG_DFL, sa_mask[0]=00000000000000000000000000000000, sa_flags=none
SIGTERM: SIG_DFL, sa_mask[0]=00000000000000000000000000000000, sa_flags=none
SIGQUIT: SIG_DFL, sa_mask[0]=00000000000000000000000000000000, sa_flags=none


---------------  S Y S T E M  ---------------

OS:DISTRIB_ID=Ubuntu
DISTRIB_RELEASE=16.04
DISTRIB_CODENAME=xenial
DISTRIB_DESCRIPTION="Ubuntu 16.04 LTS"

uname:Linux 4.4.0-28-generic #47-Ubuntu SMP Fri Jun 24 10:09:13 UTC 2016 x86_64
libc:glibc 2.23 NPTL 2.23 
rlimit: STACK 8192k, CORE 0k, NPROC 15444, NOFILE 65536, AS infinity
load average:0.97 0.83 0.79

/proc/meminfo:
MemTotal:        3992424 kB
MemFree:          165720 kB
MemAvailable:     526076 kB
Buffers:           39964 kB
Cached:           790964 kB
SwapCached:            0 kB
Active:          3144580 kB
Inactive:         500472 kB
Active(anon):    2836780 kB
Inactive(anon):   265912 kB
Active(file):     307800 kB
Inactive(file):   234560 kB
Unevictable:          48 kB
Mlocked:              48 kB
SwapTotal:             0 kB
SwapFree:              0 kB
Dirty:               152 kB
Writeback:             0 kB
AnonPages:       2814180 kB
Mapped:           272672 kB
Shmem:            288568 kB
Slab:              82968 kB
SReclaimable:      49336 kB
SUnreclaim:        33632 kB
KernelStack:        9024 kB
PageTables:        35676 kB
NFS_Unstable:          0 kB
Bounce:                0 kB
WritebackTmp:          0 kB
CommitLimit:     1996212 kB
Committed_AS:    7316168 kB
VmallocTotal:   34359738367 kB
VmallocUsed:           0 kB
VmallocChunk:          0 kB
HardwareCorrupted:     0 kB
AnonHugePages:   1036288 kB
CmaTotal:              0 kB
CmaFree:               0 kB
HugePages_Total:       0
HugePages_Free:        0
HugePages_Rsvd:        0
HugePages_Surp:        0
Hugepagesize:       2048 kB
DirectMap4k:      133376 kB
DirectMap2M:     4007936 kB


CPU:total 4 (2 cores per cpu, 2 threads per core) family 6 model 42 stepping 7, cmov, cx8, fxsr, mmx, sse, sse2, sse3, ssse3, sse4.1, sse4.2, popcnt, avx, aes, clmul, ht, tsc, tscinvbit

/proc/cpuinfo:
processor	: 0
vendor_id	: GenuineIntel
cpu family	: 6
model		: 42
model name	: Intel(R) Core(TM) i5-2430M CPU @ 2.40GHz
stepping	: 7
microcode	: 0x29
cpu MHz		: 1776.656
cache size	: 3072 KB
physical id	: 0
siblings	: 4
core id		: 0
cpu cores	: 2
apicid		: 0
initial apicid	: 0
fpu		: yes
fpu_exception	: yes
cpuid level	: 13
wp		: yes
flags		: fpu vme de pse tsc msr pae mce cx8 apic sep mtrr pge mca cmov pat pse36 clflush dts acpi mmx fxsr sse sse2 ss ht tm pbe syscall nx rdtscp lm constant_tsc arch_perfmon pebs bts rep_good nopl xtopology nonstop_tsc aperfmperf eagerfpu pni pclmulqdq dtes64 monitor ds_cpl vmx est tm2 ssse3 cx16 xtpr pdcm pcid sse4_1 sse4_2 x2apic popcnt tsc_deadline_timer aes xsave avx lahf_lm epb tpr_shadow vnmi flexpriority ept vpid xsaveopt dtherm ida arat pln pts
bugs		:
bogomips	: 4789.05
clflush size	: 64
cache_alignment	: 64
address sizes	: 36 bits physical, 48 bits virtual
power management:

processor	: 1
vendor_id	: GenuineIntel
cpu family	: 6
model		: 42
model name	: Intel(R) Core(TM) i5-2430M CPU @ 2.40GHz
stepping	: 7
microcode	: 0x29
cpu MHz		: 1878.468
cache size	: 3072 KB
physical id	: 0
siblings	: 4
core id		: 0
cpu cores	: 2
apicid		: 1
initial apicid	: 1
fpu		: yes
fpu_exception	: yes
cpuid level	: 13
wp		: yes
flags		: fpu vme de pse tsc msr pae mce cx8 apic sep mtrr pge mca cmov pat pse36 clflush dts acpi mmx fxsr sse sse2 ss ht tm pbe syscall nx rdtscp lm constant_tsc arch_perfmon pebs bts rep_good nopl xtopology nonstop_tsc aperfmperf eagerfpu pni pclmulqdq dtes64 monitor ds_cpl vmx est tm2 ssse3 cx16 xtpr pdcm pcid sse4_1 sse4_2 x2apic popcnt tsc_deadline_timer aes xsave avx lahf_lm epb tpr_shadow vnmi flexpriority ept vpid xsaveopt dtherm ida arat pln pts
bugs		:
bogomips	: 4789.05
clflush size	: 64
cache_alignment	: 64
address sizes	: 36 bits physical, 48 bits virtual
power management:

processor	: 2
vendor_id	: GenuineIntel
cpu family	: 6
model		: 42
model name	: Intel(R) Core(TM) i5-2430M CPU @ 2.40GHz
stepping	: 7
microcode	: 0x29
cpu MHz		: 2072.906
cache size	: 3072 KB
physical id	: 0
siblings	: 4
core id		: 1
cpu cores	: 2
apicid		: 2
initial apicid	: 2
fpu		: yes
fpu_exception	: yes
cpuid level	: 13
wp		: yes
flags		: fpu vme de pse tsc msr pae mce cx8 apic sep mtrr pge mca cmov pat pse36 clflush dts acpi mmx fxsr sse sse2 ss ht tm pbe syscall nx rdtscp lm constant_tsc arch_perfmon pebs bts rep_good nopl xtopology nonstop_tsc aperfmperf eagerfpu pni pclmulqdq dtes64 monitor ds_cpl vmx est tm2 ssse3 cx16 xtpr pdcm pcid sse4_1 sse4_2 x2apic popcnt tsc_deadline_timer aes xsave avx lahf_lm epb tpr_shadow vnmi flexpriority ept vpid xsaveopt dtherm ida arat pln pts
bugs		:
bogomips	: 4789.05
clflush size	: 64
cache_alignment	: 64
address sizes	: 36 bits physical, 48 bits virtual
power management:

processor	: 3
vendor_id	: GenuineIntel
cpu family	: 6
model		: 42
model name	: Intel(R) Core(TM) i5-2430M CPU @ 2.40GHz
stepping	: 7
microcode	: 0x29
cpu MHz		: 2235.281
cache size	: 3072 KB
physical id	: 0
siblings	: 4
core id		: 1
cpu cores	: 2
apicid		: 3
initial apicid	: 3
fpu		: yes
fpu_exception	: yes
cpuid level	: 13
wp		: yes
flags		: fpu vme de pse tsc msr pae mce cx8 apic sep mtrr pge mca cmov pat pse36 clflush dts acpi mmx fxsr sse sse2 ss ht tm pbe syscall nx rdtscp lm constant_tsc arch_perfmon pebs bts rep_good nopl xtopology nonstop_tsc aperfmperf eagerfpu pni pclmulqdq dtes64 monitor ds_cpl vmx est tm2 ssse3 cx16 xtpr pdcm pcid sse4_1 sse4_2 x2apic popcnt tsc_deadline_timer aes xsave avx lahf_lm epb tpr_shadow vnmi flexpriority ept vpid xsaveopt dtherm ida arat pln pts
bugs		:
bogomips	: 4789.05
clflush size	: 64
cache_alignment	: 64
address sizes	: 36 bits physical, 48 bits virtual
power management:



Memory: 4k page, physical 3992424k(165720k free), swap 0k(0k free)

vm_info: Java HotSpot(TM) 64-Bit Server VM (25.91-b14) for linux-amd64 JRE (1.8.0_91-b14), built on Apr  1 2016 00:57:21 by "java_re" with gcc 4.3.0 20080428 (Red Hat 4.3.0-8)

time: Sat Jul 23 09:12:22 2016
elapsed time: 0 seconds (0d 0h 0m 0s)

