#
# There is insufficient memory for the Java Runtime Environment to continue.
# Native memory allocation (mmap) failed to map 716177408 bytes for committing reserved memory.
# Possible reasons:
#   The system is out of physical RAM or swap space
#   In 32 bit mode, the process size limit was hit
# Possible solutions:
#   Reduce memory load on the system
#   Increase physical memory or swap space
#   Check if swap backing store is full
#   Use 64 bit Java on a 64 bit OS
#   Decrease Java heap size (-Xmx/-Xms)
#   Decrease number of Java threads
#   Decrease Java thread stack sizes (-Xss)
#   Set larger code cache with -XX:ReservedCodeCacheSize=
# This output file may be truncated or incomplete.
#
#  Out of Memory Error (os_linux.cpp:2627), pid=320, tid=140194425489152
#
# JRE version:  (8.0_91-b14) (build )
# Java VM: Java HotSpot(TM) 64-Bit Server VM (25.91-b14 mixed mode linux-amd64 compressed oops)
# Failed to write core dump. Core dumps have been disabled. To enable core dumping, try "ulimit -c unlimited" before starting Java again
#

---------------  T H R E A D  ---------------

Current thread (0x00007f8188009800):  JavaThread "Unknown thread" [_thread_in_vm, id=321, stack(0x00007f818ede4000,0x00007f818eee5000)]

Stack: [0x00007f818ede4000,0x00007f818eee5000],  sp=0x00007f818eee33b0,  free space=1020k
Native frames: (J=compiled Java code, j=interpreted, Vv=VM code, C=native code)
V  [libjvm.so+0xabc18a]  VMError::report_and_die()+0x2ba
V  [libjvm.so+0x4fafeb]  report_vm_out_of_memory(char const*, int, unsigned long, VMErrorType, char const*)+0x8b
V  [libjvm.so+0x91cbb3]  os::Linux::commit_memory_impl(char*, unsigned long, bool)+0x103
V  [libjvm.so+0x91d109]  os::pd_commit_memory(char*, unsigned long, unsigned long, bool)+0x29
V  [libjvm.so+0x91740a]  os::commit_memory(char*, unsigned long, unsigned long, bool)+0x2a
V  [libjvm.so+0x98b033]  PSVirtualSpace::expand_by(unsigned long)+0x53
V  [libjvm.so+0x97b177]  PSOldGen::initialize(ReservedSpace, unsigned long, char const*, int)+0xb7
V  [libjvm.so+0x2d827a]  AdjoiningGenerations::AdjoiningGenerations(ReservedSpace, GenerationSizer*, unsigned long)+0x39a
V  [libjvm.so+0x93ff76]  ParallelScavengeHeap::initialize()+0x1d6
V  [libjvm.so+0xa849bb]  Universe::initialize_heap()+0xfb
V  [libjvm.so+0xa84d2e]  universe_init()+0x3e
V  [libjvm.so+0x63a575]  init_globals()+0x65
V  [libjvm.so+0xa68f3e]  Threads::create_vm(JavaVMInitArgs*, bool*)+0x23e
V  [libjvm.so+0x6cede4]  JNI_CreateJavaVM+0x74
C  [libjli.so+0x745e]  JavaMain+0x9e
C  [libpthread.so.0+0x76fa]  start_thread+0xca


---------------  P R O C E S S  ---------------

Java Threads: ( => current thread )

Other Threads:

=>0x00007f8188009800 (exited) JavaThread "Unknown thread" [_thread_in_vm, id=321, stack(0x00007f818ede4000,0x00007f818eee5000)]

VM state:not at safepoint (not fully initialized)

VM Mutex/Monitor currently owned by a thread: None

GC Heap History (0 events):
No events

Deoptimization events (0 events):
No events

Internal exceptions (0 events):
No events

Events (0 events):
No events


Dynamic libraries:
00400000-00401000 r-xp 00000000 08:05 4199178                            /usr/lib/jvm/java-8-oracle/jre/bin/java
00600000-00601000 rw-p 00000000 08:05 4199178                            /usr/lib/jvm/java-8-oracle/jre/bin/java
02494000-024b5000 rw-p 00000000 00:00 0                                  [heap]
eab00000-100000000 rw-p 00000000 00:00 0 
7f817f84e000-7f817f9e4000 rw-p 00000000 00:00 0 
7f817f9e4000-7f817fb39000 ---p 00000000 00:00 0 
7f817fb39000-7f817fbef000 rw-p 00000000 00:00 0 
7f817fbef000-7f817fde5000 ---p 00000000 00:00 0 
7f817fde5000-7f8180055000 rwxp 00000000 00:00 0 
7f8180055000-7f8187de5000 ---p 00000000 00:00 0 
7f8187de5000-7f8187dff000 r-xp 00000000 08:05 4600730                    /usr/lib/jvm/java-8-oracle/jre/lib/amd64/libzip.so
7f8187dff000-7f8187fff000 ---p 0001a000 08:05 4600730                    /usr/lib/jvm/java-8-oracle/jre/lib/amd64/libzip.so
7f8187fff000-7f8188000000 rw-p 0001a000 08:05 4600730                    /usr/lib/jvm/java-8-oracle/jre/lib/amd64/libzip.so
7f8188000000-7f8188034000 rw-p 00000000 00:00 0 
7f8188034000-7f818c000000 ---p 00000000 00:00 0 
7f818c082000-7f818c171000 rw-p 00000000 00:00 0 
7f818c171000-7f818c17c000 r-xp 00000000 08:05 6558265                    /lib/x86_64-linux-gnu/libnss_files-2.23.so
7f818c17c000-7f818c37b000 ---p 0000b000 08:05 6558265                    /lib/x86_64-linux-gnu/libnss_files-2.23.so
7f818c37b000-7f818c37c000 r--p 0000a000 08:05 6558265                    /lib/x86_64-linux-gnu/libnss_files-2.23.so
7f818c37c000-7f818c37d000 rw-p 0000b000 08:05 6558265                    /lib/x86_64-linux-gnu/libnss_files-2.23.so
7f818c37d000-7f818c383000 rw-p 00000000 00:00 0 
7f818c383000-7f818c38e000 r-xp 00000000 08:05 6558275                    /lib/x86_64-linux-gnu/libnss_nis-2.23.so
7f818c38e000-7f818c58d000 ---p 0000b000 08:05 6558275                    /lib/x86_64-linux-gnu/libnss_nis-2.23.so
7f818c58d000-7f818c58e000 r--p 0000a000 08:05 6558275                    /lib/x86_64-linux-gnu/libnss_nis-2.23.so
7f818c58e000-7f818c58f000 rw-p 0000b000 08:05 6558275                    /lib/x86_64-linux-gnu/libnss_nis-2.23.so
7f818c58f000-7f818c5a5000 r-xp 00000000 08:05 6558259                    /lib/x86_64-linux-gnu/libnsl-2.23.so
7f818c5a5000-7f818c7a4000 ---p 00016000 08:05 6558259                    /lib/x86_64-linux-gnu/libnsl-2.23.so
7f818c7a4000-7f818c7a5000 r--p 00015000 08:05 6558259                    /lib/x86_64-linux-gnu/libnsl-2.23.so
7f818c7a5000-7f818c7a6000 rw-p 00016000 08:05 6558259                    /lib/x86_64-linux-gnu/libnsl-2.23.so
7f818c7a6000-7f818c7a8000 rw-p 00000000 00:00 0 
7f818c7a8000-7f818c7b0000 r-xp 00000000 08:05 6558261                    /lib/x86_64-linux-gnu/libnss_compat-2.23.so
7f818c7b0000-7f818c9af000 ---p 00008000 08:05 6558261                    /lib/x86_64-linux-gnu/libnss_compat-2.23.so
7f818c9af000-7f818c9b0000 r--p 00007000 08:05 6558261                    /lib/x86_64-linux-gnu/libnss_compat-2.23.so
7f818c9b0000-7f818c9b1000 rw-p 00008000 08:05 6558261                    /lib/x86_64-linux-gnu/libnss_compat-2.23.so
7f818c9b1000-7f818c9db000 r-xp 00000000 08:05 4600725                    /usr/lib/jvm/java-8-oracle/jre/lib/amd64/libjava.so
7f818c9db000-7f818cbdb000 ---p 0002a000 08:05 4600725                    /usr/lib/jvm/java-8-oracle/jre/lib/amd64/libjava.so
7f818cbdb000-7f818cbdd000 rw-p 0002a000 08:05 4600725                    /usr/lib/jvm/java-8-oracle/jre/lib/amd64/libjava.so
7f818cbdd000-7f818cbea000 r-xp 00000000 08:05 4600729                    /usr/lib/jvm/java-8-oracle/jre/lib/amd64/libverify.so
7f818cbea000-7f818cdea000 ---p 0000d000 08:05 4600729                    /usr/lib/jvm/java-8-oracle/jre/lib/amd64/libverify.so
7f818cdea000-7f818cdec000 rw-p 0000d000 08:05 4600729                    /usr/lib/jvm/java-8-oracle/jre/lib/amd64/libverify.so
7f818cdec000-7f818cdf3000 r-xp 00000000 08:05 6558320                    /lib/x86_64-linux-gnu/librt-2.23.so
7f818cdf3000-7f818cff2000 ---p 00007000 08:05 6558320                    /lib/x86_64-linux-gnu/librt-2.23.so
7f818cff2000-7f818cff3000 r--p 00006000 08:05 6558320                    /lib/x86_64-linux-gnu/librt-2.23.so
7f818cff3000-7f818cff4000 rw-p 00007000 08:05 6558320                    /lib/x86_64-linux-gnu/librt-2.23.so
7f818cff4000-7f818d0fc000 r-xp 00000000 08:05 6558236                    /lib/x86_64-linux-gnu/libm-2.23.so
7f818d0fc000-7f818d2fb000 ---p 00108000 08:05 6558236                    /lib/x86_64-linux-gnu/libm-2.23.so
7f818d2fb000-7f818d2fc000 r--p 00107000 08:05 6558236                    /lib/x86_64-linux-gnu/libm-2.23.so
7f818d2fc000-7f818d2fd000 rw-p 00108000 08:05 6558236                    /lib/x86_64-linux-gnu/libm-2.23.so
7f818d2fd000-7f818dfbd000 r-xp 00000000 08:05 4600708                    /usr/lib/jvm/java-8-oracle/jre/lib/amd64/server/libjvm.so
7f818dfbd000-7f818e1bd000 ---p 00cc0000 08:05 4600708                    /usr/lib/jvm/java-8-oracle/jre/lib/amd64/server/libjvm.so
7f818e1bd000-7f818e295000 rw-p 00cc0000 08:05 4600708                    /usr/lib/jvm/java-8-oracle/jre/lib/amd64/server/libjvm.so
7f818e295000-7f818e2e0000 rw-p 00000000 00:00 0 
7f818e2e0000-7f818e4a0000 r-xp 00000000 08:05 6558166                    /lib/x86_64-linux-gnu/libc-2.23.so
7f818e4a0000-7f818e69f000 ---p 001c0000 08:05 6558166                    /lib/x86_64-linux-gnu/libc-2.23.so
7f818e69f000-7f818e6a3000 r--p 001bf000 08:05 6558166                    /lib/x86_64-linux-gnu/libc-2.23.so
7f818e6a3000-7f818e6a5000 rw-p 001c3000 08:05 6558166                    /lib/x86_64-linux-gnu/libc-2.23.so
7f818e6a5000-7f818e6a9000 rw-p 00000000 00:00 0 
7f818e6a9000-7f818e6ac000 r-xp 00000000 08:05 6558190                    /lib/x86_64-linux-gnu/libdl-2.23.so
7f818e6ac000-7f818e8ab000 ---p 00003000 08:05 6558190                    /lib/x86_64-linux-gnu/libdl-2.23.so
7f818e8ab000-7f818e8ac000 r--p 00002000 08:05 6558190                    /lib/x86_64-linux-gnu/libdl-2.23.so
7f818e8ac000-7f818e8ad000 rw-p 00003000 08:05 6558190                    /lib/x86_64-linux-gnu/libdl-2.23.so
7f818e8ad000-7f818e8c2000 r-xp 00000000 08:05 4600703                    /usr/lib/jvm/java-8-oracle/jre/lib/amd64/jli/libjli.so
7f818e8c2000-7f818eac2000 ---p 00015000 08:05 4600703                    /usr/lib/jvm/java-8-oracle/jre/lib/amd64/jli/libjli.so
7f818eac2000-7f818eac3000 rw-p 00015000 08:05 4600703                    /usr/lib/jvm/java-8-oracle/jre/lib/amd64/jli/libjli.so
7f818eac3000-7f818eadb000 r-xp 00000000 08:05 6558312                    /lib/x86_64-linux-gnu/libpthread-2.23.so
7f818eadb000-7f818ecda000 ---p 00018000 08:05 6558312                    /lib/x86_64-linux-gnu/libpthread-2.23.so
7f818ecda000-7f818ecdb000 r--p 00017000 08:05 6558312                    /lib/x86_64-linux-gnu/libpthread-2.23.so
7f818ecdb000-7f818ecdc000 rw-p 00018000 08:05 6558312                    /lib/x86_64-linux-gnu/libpthread-2.23.so
7f818ecdc000-7f818ece0000 rw-p 00000000 00:00 0 
7f818ece0000-7f818ed06000 r-xp 00000000 08:05 6558138                    /lib/x86_64-linux-gnu/ld-2.23.so
7f818ede4000-7f818ede7000 ---p 00000000 00:00 0 
7f818ede7000-7f818eee9000 rw-p 00000000 00:00 0 
7f818eef9000-7f818ef01000 rw-s 00000000 08:05 8128739                    /tmp/hsperfdata_aneesha/320
7f818ef01000-7f818ef02000 rw-p 00000000 00:00 0 
7f818ef02000-7f818ef03000 r--p 00000000 00:00 0 
7f818ef03000-7f818ef05000 rw-p 00000000 00:00 0 
7f818ef05000-7f818ef06000 r--p 00025000 08:05 6558138                    /lib/x86_64-linux-gnu/ld-2.23.so
7f818ef06000-7f818ef07000 rw-p 00026000 08:05 6558138                    /lib/x86_64-linux-gnu/ld-2.23.so
7f818ef07000-7f818ef08000 rw-p 00000000 00:00 0 
7ffe0b327000-7ffe0b348000 rw-p 00000000 00:00 0                          [stack]
7ffe0b375000-7ffe0b377000 r--p 00000000 00:00 0                          [vvar]
7ffe0b377000-7ffe0b379000 r-xp 00000000 00:00 0                          [vdso]
ffffffffff600000-ffffffffff601000 r-xp 00000000 00:00 0                  [vsyscall]

VM Arguments:
jvm_args: -Xms1024m -Xmx1024m -XX:ReservedCodeCacheSize=128m -XX:MaxMetaspaceSize=256m 
java_command: /usr/share/sbt-launcher-packaging/bin/sbt-launch.jar test
java_class_path (initial): /usr/share/sbt-launcher-packaging/bin/sbt-launch.jar
Launcher Type: SUN_STANDARD

Environment Variables:
JAVA_HOME=/usr/lib/jvm/java-8-oracle
PATH=/home/aneesha/Softwares/activator-1.3.10-minimal/bin:/usr/local/sbin:/usr/local/bin:/usr/sbin:/usr/bin:/sbin:/bin:/usr/games:/usr/local/games:/snap/bin:/usr/lib/jvm/java-8-oracle/bin:/usr/lib/jvm/java-8-oracle/db/bin:/usr/lib/jvm/java-8-oracle/jre/bin
SHELL=/bin/bash
DISPLAY=:0

Signal Handlers:
SIGSEGV: [libjvm.so+0xabca10], sa_mask[0]=11111111011111111101111111111110, sa_flags=SA_RESTART|SA_SIGINFO
SIGBUS: [libjvm.so+0xabca10], sa_mask[0]=11111111011111111101111111111110, sa_flags=SA_RESTART|SA_SIGINFO
SIGFPE: [libjvm.so+0x919a20], sa_mask[0]=11111111011111111101111111111110, sa_flags=SA_RESTART|SA_SIGINFO
SIGPIPE: [libjvm.so+0x919a20], sa_mask[0]=11111111011111111101111111111110, sa_flags=SA_RESTART|SA_SIGINFO
SIGXFSZ: [libjvm.so+0x919a20], sa_mask[0]=11111111011111111101111111111110, sa_flags=SA_RESTART|SA_SIGINFO
SIGILL: [libjvm.so+0x919a20], sa_mask[0]=11111111011111111101111111111110, sa_flags=SA_RESTART|SA_SIGINFO
SIGUSR1: SIG_DFL, sa_mask[0]=00000000000000000000000000000000, sa_flags=none
SIGUSR2: [libjvm.so+0x91b050], sa_mask[0]=00000000000000000000000000000000, sa_flags=SA_RESTART|SA_SIGINFO
SIGHUP: SIG_DFL, sa_mask[0]=00000000000000000000000000000000, sa_flags=none
SIGINT: SIG_DFL, sa_mask[0]=00000000000000000000000000000000, sa_flags=none
SIGTERM: SIG_DFL, sa_mask[0]=00000000000000000000000000000000, sa_flags=none
SIGQUIT: SIG_DFL, sa_mask[0]=00000000000000000000000000000000, sa_flags=none


---------------  S Y S T E M  ---------------

OS:DISTRIB_ID=Ubuntu
DISTRIB_RELEASE=16.04
DISTRIB_CODENAME=xenial
DISTRIB_DESCRIPTION="Ubuntu 16.04 LTS"

uname:Linux 4.4.0-31-generic #50-Ubuntu SMP Wed Jul 13 00:07:12 UTC 2016 x86_64
libc:glibc 2.23 NPTL 2.23 
rlimit: STACK 8192k, CORE 0k, NPROC 15444, NOFILE 65536, AS infinity
load average:0.94 0.65 0.50

/proc/meminfo:
MemTotal:        3992388 kB
MemFree:          416008 kB
MemAvailable:     596172 kB
Buffers:           12848 kB
Cached:           708064 kB
SwapCached:            0 kB
Active:          2892592 kB
Inactive:         490840 kB
Active(anon):    2688124 kB
Inactive(anon):   332416 kB
Active(file):     204468 kB
Inactive(file):   158424 kB
Unevictable:          48 kB
Mlocked:              48 kB
SwapTotal:             0 kB
SwapFree:              0 kB
Dirty:             15080 kB
Writeback:             0 kB
AnonPages:       2662420 kB
Mapped:           163972 kB
Shmem:            358012 kB
Slab:              82264 kB
SReclaimable:      47884 kB
SUnreclaim:        34380 kB
KernelStack:        9760 kB
PageTables:        35624 kB
NFS_Unstable:          0 kB
Bounce:                0 kB
WritebackTmp:          0 kB
CommitLimit:     1996192 kB
Committed_AS:    6577016 kB
VmallocTotal:   34359738367 kB
VmallocUsed:           0 kB
VmallocChunk:          0 kB
HardwareCorrupted:     0 kB
AnonHugePages:   1742848 kB
CmaTotal:              0 kB
CmaFree:               0 kB
HugePages_Total:       0
HugePages_Free:        0
HugePages_Rsvd:        0
HugePages_Surp:        0
Hugepagesize:       2048 kB
DirectMap4k:      151808 kB
DirectMap2M:     3989504 kB


CPU:total 4 (2 cores per cpu, 2 threads per core) family 6 model 42 stepping 7, cmov, cx8, fxsr, mmx, sse, sse2, sse3, ssse3, sse4.1, sse4.2, popcnt, avx, aes, clmul, ht, tsc, tscinvbit

/proc/cpuinfo:
processor	: 0
vendor_id	: GenuineIntel
cpu family	: 6
model		: 42
model name	: Intel(R) Core(TM) i5-2430M CPU @ 2.40GHz
stepping	: 7
microcode	: 0x29
cpu MHz		: 1340.343
cache size	: 3072 KB
physical id	: 0
siblings	: 4
core id		: 0
cpu cores	: 2
apicid		: 0
initial apicid	: 0
fpu		: yes
fpu_exception	: yes
cpuid level	: 13
wp		: yes
flags		: fpu vme de pse tsc msr pae mce cx8 apic sep mtrr pge mca cmov pat pse36 clflush dts acpi mmx fxsr sse sse2 ss ht tm pbe syscall nx rdtscp lm constant_tsc arch_perfmon pebs bts rep_good nopl xtopology nonstop_tsc aperfmperf eagerfpu pni pclmulqdq dtes64 monitor ds_cpl vmx est tm2 ssse3 cx16 xtpr pdcm pcid sse4_1 sse4_2 x2apic popcnt tsc_deadline_timer aes xsave avx lahf_lm epb tpr_shadow vnmi flexpriority ept vpid xsaveopt dtherm ida arat pln pts
bugs		:
bogomips	: 4789.43
clflush size	: 64
cache_alignment	: 64
address sizes	: 36 bits physical, 48 bits virtual
power management:

processor	: 1
vendor_id	: GenuineIntel
cpu family	: 6
model		: 42
model name	: Intel(R) Core(TM) i5-2430M CPU @ 2.40GHz
stepping	: 7
microcode	: 0x29
cpu MHz		: 1468.968
cache size	: 3072 KB
physical id	: 0
siblings	: 4
core id		: 0
cpu cores	: 2
apicid		: 1
initial apicid	: 1
fpu		: yes
fpu_exception	: yes
cpuid level	: 13
wp		: yes
flags		: fpu vme de pse tsc msr pae mce cx8 apic sep mtrr pge mca cmov pat pse36 clflush dts acpi mmx fxsr sse sse2 ss ht tm pbe syscall nx rdtscp lm constant_tsc arch_perfmon pebs bts rep_good nopl xtopology nonstop_tsc aperfmperf eagerfpu pni pclmulqdq dtes64 monitor ds_cpl vmx est tm2 ssse3 cx16 xtpr pdcm pcid sse4_1 sse4_2 x2apic popcnt tsc_deadline_timer aes xsave avx lahf_lm epb tpr_shadow vnmi flexpriority ept vpid xsaveopt dtherm ida arat pln pts
bugs		:
bogomips	: 4789.43
clflush size	: 64
cache_alignment	: 64
address sizes	: 36 bits physical, 48 bits virtual
power management:

processor	: 2
vendor_id	: GenuineIntel
cpu family	: 6
model		: 42
model name	: Intel(R) Core(TM) i5-2430M CPU @ 2.40GHz
stepping	: 7
microcode	: 0x29
cpu MHz		: 1413.375
cache size	: 3072 KB
physical id	: 0
siblings	: 4
core id		: 1
cpu cores	: 2
apicid		: 2
initial apicid	: 2
fpu		: yes
fpu_exception	: yes
cpuid level	: 13
wp		: yes
flags		: fpu vme de pse tsc msr pae mce cx8 apic sep mtrr pge mca cmov pat pse36 clflush dts acpi mmx fxsr sse sse2 ss ht tm pbe syscall nx rdtscp lm constant_tsc arch_perfmon pebs bts rep_good nopl xtopology nonstop_tsc aperfmperf eagerfpu pni pclmulqdq dtes64 monitor ds_cpl vmx est tm2 ssse3 cx16 xtpr pdcm pcid sse4_1 sse4_2 x2apic popcnt tsc_deadline_timer aes xsave avx lahf_lm epb tpr_shadow vnmi flexpriority ept vpid xsaveopt dtherm ida arat pln pts
bugs		:
bogomips	: 4789.43
clflush size	: 64
cache_alignment	: 64
address sizes	: 36 bits physical, 48 bits virtual
power management:

processor	: 3
vendor_id	: GenuineIntel
cpu family	: 6
model		: 42
model name	: Intel(R) Core(TM) i5-2430M CPU @ 2.40GHz
stepping	: 7
microcode	: 0x29
cpu MHz		: 1011.281
cache size	: 3072 KB
physical id	: 0
siblings	: 4
core id		: 1
cpu cores	: 2
apicid		: 3
initial apicid	: 3
fpu		: yes
fpu_exception	: yes
cpuid level	: 13
wp		: yes
flags		: fpu vme de pse tsc msr pae mce cx8 apic sep mtrr pge mca cmov pat pse36 clflush dts acpi mmx fxsr sse sse2 ss ht tm pbe syscall nx rdtscp lm constant_tsc arch_perfmon pebs bts rep_good nopl xtopology nonstop_tsc aperfmperf eagerfpu pni pclmulqdq dtes64 monitor ds_cpl vmx est tm2 ssse3 cx16 xtpr pdcm pcid sse4_1 sse4_2 x2apic popcnt tsc_deadline_timer aes xsave avx lahf_lm epb tpr_shadow vnmi flexpriority ept vpid xsaveopt dtherm ida arat pln pts
bugs		:
bogomips	: 4789.43
clflush size	: 64
cache_alignment	: 64
address sizes	: 36 bits physical, 48 bits virtual
power management:



Memory: 4k page, physical 3992388k(416008k free), swap 0k(0k free)

vm_info: Java HotSpot(TM) 64-Bit Server VM (25.91-b14) for linux-amd64 JRE (1.8.0_91-b14), built on Apr  1 2016 00:57:21 by "java_re" with gcc 4.3.0 20080428 (Red Hat 4.3.0-8)

time: Sun Aug 14 18:20:42 2016
elapsed time: 0 seconds (0d 0h 0m 0s)

